{
  "RSpec": {
    "coverage": {
      "/home/industrious-genre-3933/tic-tac-toe-rb-bootcamp-prep-000/lib/tic_tac_toe.rb": [
        null,
        1,
        null,
        null,
        null,
        null,
        null,
        null,
        null,
        null,
        null,
        1,
        null,
        1,
        5,
        5,
        5,
        5,
        5,
        null,
        null,
        1,
        6,
        null,
        null,
        1,
        3,
        null,
        null,
        1,
        8,
        null,
        null,
        1,
        6,
        null,
        null,
        1,
        0,
        0,
        0,
        0,
        0,
        0,
        null,
        0,
        null,
        null,
        null,
        1,
        4,
        0,
        0,
        0,
        null,
        null,
        0,
        null,
        null,
        1,
        null,
        3,
        0,
        0,
        null,
        0,
        null,
        0,
        null,
        null,
        1,
        3,
        3,
        3,
        3,
        2,
        0,
        0,
        null,
        1,
        null,
        null,
        null,
        1,
        14,
        101,
        101,
        101,
        null,
        101,
        101,
        101,
        null,
        101,
        5,
        96,
        1,
        null,
        null,
        8,
        null,
        null,
        1,
        46,
        null,
        null,
        1,
        7,
        3,
        null,
        4,
        null,
        null,
        null,
        1,
        3,
        2,
        null,
        1,
        null,
        null,
        null,
        1,
        3,
        3,
        3,
        null,
        null,
        2,
        1,
        null,
        1,
        null,
        null,
        null,
        null,
        null,
        null,
        null,
        null
      ]
    },
    "timestamp": 1594139412
  }
}
