{
  "RSpec": {
    "coverage": {
      "/home/industrious-genre-3933/tic-tac-toe-rb-bootcamp-prep-000/lib/tic_tac_toe.rb": [
        null,
        1,
        null,
        null,
        null,
        null,
        null,
        null,
        null,
        null,
        null,
        1,
        null,
        1,
        2,
        2,
        2,
        2,
        2,
        null,
        null,
        1,
        1,
        0,
        null,
        null,
        null,
        null
      ]
    },
    "timestamp": 1594136928
  }
}
